2024-04-15 17:45:03,730 [INFO] Activator:176 - 


2024-04-15 17:45:03,734 [INFO] Activator:177 - !SESSION log4j initialized
2024-04-15 17:45:06,828 [INFO] LogOutputStream:77 - [STDOUT_REDIRECT] 
2024-04-15 17:45:13,723 [INFO] ApplicationProperties:184 - Using Application install path: C:\ST\STM32CubeIDE_1.14.1\STM32CubeIDE\plugins\com.st.stm32cube.common.mx_6.10.0.202311202037
2024-04-15 17:45:13,746 [INFO] DbMcusXml:78 - Set database path to: C:\ST\STM32CubeIDE_1.14.1\STM32CubeIDE\plugins\com.st.stm32cube.common.mx_6.10.0.202311202037\\db\/mcu/
2024-04-15 17:45:13,747 [INFO] ApiDb:274 - Set plugin database path to: C:\ST\STM32CubeIDE_1.14.1\STM32CubeIDE\plugins\com.st.stm32cube.common.mx_6.10.0.202311202037\\db\/plugins/boardmanager/
2024-04-15 17:45:13,748 [WARN] ApiDb:259 - Overriding images path with different value:  => C:\ST\STM32CubeIDE_1.14.1\STM32CubeIDE\plugins\com.st.stm32cube.common.mx_6.10.0.202311202037\\db\/plugins/mcufinder/images/
2024-04-15 17:45:13,757 [INFO] ApiDb:250 - Set database path to: C:\Users\User\.stmcufinder\plugins\mcufinder//mcu/
2024-04-15 17:45:13,758 [INFO] DbMcusAds:125 - Set database path to: C:\Users\User\.stmcufinder\plugins\mcufinder//mcu/
2024-04-15 17:45:13,762 [INFO] CrossReferenceDbSqlite:203 - Set database path to: C:\Users\User\.stmcufinder\plugins\mcufinder//mcu/cs/
2024-04-15 17:45:13,915 [INFO] RulesReader:64 - Compatibility file has been processed (297 Rules)
2024-04-15 17:45:14,044 [INFO] DbMcusXml:78 - Set database path to: C:\ST\STM32CubeIDE_1.14.1\STM32CubeIDE\plugins\com.st.stm32cube.common.mx_6.10.0.202311202037\\db\/mcu/
2024-04-15 17:45:14,044 [INFO] ApiDb:274 - Set plugin database path to: C:\ST\STM32CubeIDE_1.14.1\STM32CubeIDE\plugins\com.st.stm32cube.common.mx_6.10.0.202311202037\\db\/plugins/boardmanager/
2024-04-15 17:45:14,045 [INFO] ApiDb:261 - Set plugin images path to: C:\ST\STM32CubeIDE_1.14.1\STM32CubeIDE\plugins\com.st.stm32cube.common.mx_6.10.0.202311202037\\db\/plugins/mcufinder/images/
2024-04-15 17:45:14,045 [WARN] DbFile:41 - Overriding database path with different value: C:\Users\User\.stmcufinder\plugins\mcufinder/ => C:\Users\User\.stmcufinder\plugins\mcufinder
2024-04-15 17:45:14,045 [INFO] ApiDb:250 - Set database path to: C:\Users\User\.stmcufinder\plugins\mcufinder//mcu/
2024-04-15 17:45:14,046 [WARN] DbFile:41 - Overriding database path with different value: C:\Users\User\.stmcufinder\plugins\mcufinder/ => C:\Users\User\.stmcufinder\plugins\mcufinder
2024-04-15 17:45:14,046 [INFO] DbMcusAds:125 - Set database path to: C:\Users\User\.stmcufinder\plugins\mcufinder//mcu/
2024-04-15 17:45:14,046 [WARN] DbFile:41 - Overriding database path with different value: C:\Users\User\.stmcufinder\plugins\mcufinder/ => C:\Users\User\.stmcufinder\plugins\mcufinder
2024-04-15 17:45:14,046 [WARN] DbFile:41 - Overriding database path with different value: C:\Users\User\.stmcufinder\plugins\mcufinder/ => C:\Users\User\.stmcufinder\plugins\mcufinder
2024-04-15 17:45:14,046 [INFO] CrossReferenceDbSqlite:203 - Set database path to: C:\Users\User\.stmcufinder\plugins\mcufinder//mcu/cs/
2024-04-15 17:45:14,163 [INFO] MainPanel:264 - HeapMemory: 268435456
2024-04-15 17:45:14,266 [INFO] DbMcusXml:78 - Set database path to: C:\ST\STM32CubeIDE_1.14.1\STM32CubeIDE\plugins\com.st.stm32cube.common.mx_6.10.0.202311202037\\db\/mcu/
2024-04-15 17:45:14,266 [INFO] ApiDb:274 - Set plugin database path to: C:\ST\STM32CubeIDE_1.14.1\STM32CubeIDE\plugins\com.st.stm32cube.common.mx_6.10.0.202311202037\\db\/plugins/boardmanager/
2024-04-15 17:45:14,266 [INFO] ApiDb:261 - Set plugin images path to: C:\ST\STM32CubeIDE_1.14.1\STM32CubeIDE\plugins\com.st.stm32cube.common.mx_6.10.0.202311202037\\db\/plugins/mcufinder/images/
2024-04-15 17:45:14,266 [WARN] DbFile:41 - Overriding database path with different value: C:\Users\User\.stmcufinder\plugins\mcufinder/ => C:\Users\User\.stmcufinder\plugins\mcufinder
2024-04-15 17:45:14,267 [INFO] ApiDb:250 - Set database path to: C:\Users\User\.stmcufinder\plugins\mcufinder//mcu/
2024-04-15 17:45:14,267 [WARN] DbFile:41 - Overriding database path with different value: C:\Users\User\.stmcufinder\plugins\mcufinder/ => C:\Users\User\.stmcufinder\plugins\mcufinder
2024-04-15 17:45:14,267 [INFO] DbMcusAds:125 - Set database path to: C:\Users\User\.stmcufinder\plugins\mcufinder//mcu/
2024-04-15 17:45:14,267 [WARN] DbFile:41 - Overriding database path with different value: C:\Users\User\.stmcufinder\plugins\mcufinder/ => C:\Users\User\.stmcufinder\plugins\mcufinder
2024-04-15 17:45:14,267 [WARN] DbFile:41 - Overriding database path with different value: C:\Users\User\.stmcufinder\plugins\mcufinder/ => C:\Users\User\.stmcufinder\plugins\mcufinder
2024-04-15 17:45:14,267 [INFO] CrossReferenceDbSqlite:203 - Set database path to: C:\Users\User\.stmcufinder\plugins\mcufinder//mcu/cs/
2024-04-15 17:45:14,290 [INFO] ApplicationProperties:184 - Using Application install path: C:\ST\STM32CubeIDE_1.14.1\STM32CubeIDE\plugins\com.st.stm32cube.common.mx_6.10.0.202311202037
2024-04-15 17:45:14,292 [INFO] PluginManage:196 - Search for loadable plugins [exclusion list=, ]
2024-04-15 17:45:14,295 [INFO] PluginManage:310 - Check plugin analytics
2024-04-15 17:45:19,152 [INFO] AnalyticsPlugin:253 - Accepted Software Licenses: STM32CubeMX.6.10.0
2024-04-15 17:45:19,152 [INFO] AnalyticsPlugin:255 - Accepted CMSIS Pack Licenses: 
2024-04-15 17:45:19,153 [INFO] AnalyticsPlugin:257 - Accepted Firmware Licenses: FW.L4.1.18.0,FW.F4.1.28.0
2024-04-15 17:45:19,157 [INFO] PluginManage:359 - Loaded plugin analytics (category:tool,tabindex:-1)
2024-04-15 17:45:19,158 [INFO] PluginManage:310 - Check plugin cadmodel
2024-04-15 17:45:19,163 [INFO] CADModel:105 - Init CAD model plugin
2024-04-15 17:45:19,163 [INFO] PluginManage:359 - Loaded plugin cadmodel (category:power,tabindex:5)
2024-04-15 17:45:19,163 [INFO] PluginManage:310 - Check plugin clock
2024-04-15 17:45:19,176 [INFO] PluginManage:359 - Loaded plugin clock (category:base,tabindex:2)
2024-04-15 17:45:19,177 [INFO] PluginManage:310 - Check plugin ddr
2024-04-15 17:45:19,179 [INFO] PluginManage:359 - Loaded plugin ddr (category:tool,tabindex:6)
2024-04-15 17:45:19,180 [INFO] PluginManage:310 - Check plugin filemanager
2024-04-15 17:45:19,332 [INFO] PluginManage:359 - Loaded plugin filemanager (category:base,tabindex:10)
2024-04-15 17:45:19,333 [INFO] PluginManage:310 - Check plugin ipmanager
2024-04-15 17:45:19,342 [INFO] PluginManage:359 - Loaded plugin ipmanager (category:base,tabindex:5)
2024-04-15 17:45:19,342 [INFO] PluginManage:310 - Check plugin lpbam
2024-04-15 17:45:19,352 [INFO] PluginManage:359 - Loaded plugin lpbam (category:base,tabindex:0)
2024-04-15 17:45:19,352 [INFO] PluginManage:310 - Check plugin memorymap
2024-04-15 17:45:19,370 [INFO] PluginManage:359 - Loaded plugin memorymap (category:base,tabindex:4)
2024-04-15 17:45:19,370 [INFO] PluginManage:310 - Check plugin pinoutandconfiguration
2024-04-15 17:45:19,401 [INFO] PluginManage:359 - Loaded plugin pinoutandconfiguration (category:base,tabindex:1)
2024-04-15 17:45:19,401 [INFO] PluginManage:310 - Check plugin pinoutconfig
2024-04-15 17:45:19,528 [WARN] SupportedApi:132 - Cannot load RTOS API schema: s4s-elt-must-match.1: The content of 'definitions' must match (annotation?, (simpleType | complexType)?, (unique | key | keyref)*)). A problem was found starting at: attribute.
2024-04-15 17:45:19,684 [INFO] PluginManage:359 - Loaded plugin pinoutconfig (category:base,tabindex:0)
2024-04-15 17:45:19,684 [INFO] PluginManage:310 - Check plugin power
2024-04-15 17:45:19,693 [INFO] PluginManage:359 - Loaded plugin power (category:power,tabindex:4)
2024-04-15 17:45:19,693 [INFO] PluginManage:310 - Check plugin projectmanager
2024-04-15 17:45:19,713 [INFO] PluginManage:359 - Loaded plugin projectmanager (category:projectmanager,tabindex:3)
2024-04-15 17:45:19,713 [INFO] PluginManage:310 - Check plugin thirdparty
2024-04-15 17:45:19,867 [INFO] PluginManage:359 - Loaded plugin thirdparty (category:base,tabindex:-1)
2024-04-15 17:45:19,867 [WARN] IntegrityCheckThread:84 - waiting for thirdparty lock release [integrity check]
2024-04-15 17:45:19,867 [INFO] PluginManage:310 - Check plugin tools
2024-04-15 17:45:19,867 [INFO] IntegrityCheckThread:86 - entering critical section [integrity check]
2024-04-15 17:45:19,868 [INFO] ThirdPartyUpdaterWithRetryManager:70 - Updater plugin not ready yet. [1/15]
2024-04-15 17:45:19,871 [INFO] PluginManage:359 - Loaded plugin tools (category:base,tabindex:7)
2024-04-15 17:45:19,871 [INFO] PluginManage:310 - Check plugin tutovideos
2024-04-15 17:45:20,071 [INFO] PluginManage:359 - Loaded plugin tutovideos (category:base,tabindex:-1)
2024-04-15 17:45:20,072 [INFO] PluginManage:310 - Check plugin updater
2024-04-15 17:45:20,084 [INFO] PluginManage:359 - Loaded plugin updater (category:base,tabindex:12)
2024-04-15 17:45:20,085 [INFO] PluginManage:310 - Check plugin userauth
2024-04-15 17:45:20,091 [INFO] UserAuth:114 - Init User Auth plugin
2024-04-15 17:45:20,092 [INFO] PluginManage:359 - Loaded plugin userauth (category:base,tabindex:14)
2024-04-15 17:45:20,092 [INFO] PluginManage:283 - PluginManage : Loaded plugins [17]
2024-04-15 17:45:20,365 [INFO] PinOutPanel:1499 - setPackage(No Configuration,No Configuration)
2024-04-15 17:45:20,467 [INFO] CADModel:165 - CPN selected for project level
2024-04-15 17:45:20,467 [INFO] CADModel:114 - Register for checkConnection events
2024-04-15 17:45:20,487 [INFO] IPUIPlugin:80 - create IPUIPlugin
2024-04-15 17:45:20,487 [INFO] PluginManager:220 - loadIPPluginJar : add adc
2024-04-15 17:45:20,490 [INFO] IPUIPlugin:80 - create IPUIPlugin
2024-04-15 17:45:20,491 [INFO] PluginManager:220 - loadIPPluginJar : add aes
2024-04-15 17:45:20,494 [INFO] IPUIPlugin:80 - create IPUIPlugin
2024-04-15 17:45:20,494 [INFO] PluginManager:220 - loadIPPluginJar : add can
2024-04-15 17:45:20,496 [INFO] IPUIPlugin:80 - create IPUIPlugin
2024-04-15 17:45:20,496 [INFO] PluginManager:220 - loadIPPluginJar : add comp
2024-04-15 17:45:20,500 [INFO] IPUIPlugin:80 - create IPUIPlugin
2024-04-15 17:45:20,500 [INFO] PluginManager:220 - loadIPPluginJar : add cryp
2024-04-15 17:45:20,503 [INFO] IPUIPlugin:80 - create IPUIPlugin
2024-04-15 17:45:20,503 [INFO] PluginManager:220 - loadIPPluginJar : add dfsdm
2024-04-15 17:45:20,510 [INFO] IPUIPlugin:80 - create IPUIPlugin
2024-04-15 17:45:20,511 [INFO] PluginManager:220 - loadIPPluginJar : add dma
2024-04-15 17:45:20,513 [INFO] IPUIPlugin:80 - create IPUIPlugin
2024-04-15 17:45:20,514 [INFO] PluginManager:220 - loadIPPluginJar : add dma3
2024-04-15 17:45:20,516 [INFO] IPUIPlugin:80 - create IPUIPlugin
2024-04-15 17:45:20,516 [INFO] PluginManager:220 - loadIPPluginJar : add fatfs
2024-04-15 17:45:20,522 [INFO] IPUIPlugin:80 - create IPUIPlugin
2024-04-15 17:45:20,522 [INFO] PluginManager:220 - loadIPPluginJar : add fmc
2024-04-15 17:45:20,528 [INFO] IPUIPlugin:80 - create IPUIPlugin
2024-04-15 17:45:20,528 [INFO] PluginManager:220 - loadIPPluginJar : add freertos
2024-04-15 17:45:20,530 [INFO] IPUIPlugin:80 - create IPUIPlugin
2024-04-15 17:45:20,530 [INFO] PluginManager:220 - loadIPPluginJar : add genericplugin
2024-04-15 17:45:20,533 [INFO] IPUIPlugin:80 - create IPUIPlugin
2024-04-15 17:45:20,533 [INFO] PluginManager:220 - loadIPPluginJar : add gfxmmu
2024-04-15 17:45:20,540 [INFO] IPUIPlugin:80 - create IPUIPlugin
2024-04-15 17:45:20,540 [INFO] PluginManager:220 - loadIPPluginJar : add gic
2024-04-15 17:45:20,545 [INFO] IPUIPlugin:80 - create IPUIPlugin
2024-04-15 17:45:20,546 [INFO] PluginManager:220 - loadIPPluginJar : add gpio
2024-04-15 17:45:20,550 [INFO] IPUIPlugin:80 - create IPUIPlugin
2024-04-15 17:45:20,550 [INFO] PluginManager:220 - loadIPPluginJar : add gtzc
2024-04-15 17:45:20,554 [INFO] IPUIPlugin:80 - create IPUIPlugin
2024-04-15 17:45:20,554 [INFO] PluginManager:220 - loadIPPluginJar : add hash
2024-04-15 17:45:20,558 [INFO] IPUIPlugin:80 - create IPUIPlugin
2024-04-15 17:45:20,558 [INFO] PluginManager:220 - loadIPPluginJar : add i2c
2024-04-15 17:45:20,562 [INFO] IPUIPlugin:80 - create IPUIPlugin
2024-04-15 17:45:20,562 [INFO] PluginManager:220 - loadIPPluginJar : add i2s
2024-04-15 17:45:20,566 [INFO] IPUIPlugin:80 - create IPUIPlugin
2024-04-15 17:45:20,566 [INFO] PluginManager:220 - loadIPPluginJar : add i3c
2024-04-15 17:45:20,570 [INFO] IPUIPlugin:80 - create IPUIPlugin
2024-04-15 17:45:20,571 [INFO] PluginManager:220 - loadIPPluginJar : add ipddr
2024-04-15 17:45:20,580 [INFO] IPUIPlugin:80 - create IPUIPlugin
2024-04-15 17:45:20,581 [INFO] PluginManager:220 - loadIPPluginJar : add linkedlist
2024-04-15 17:45:20,586 [INFO] IPUIPlugin:80 - create IPUIPlugin
2024-04-15 17:45:20,586 [INFO] PluginManager:220 - loadIPPluginJar : add lorawan
2024-04-15 17:45:20,588 [INFO] IPUIPlugin:80 - create IPUIPlugin
2024-04-15 17:45:20,589 [INFO] PluginManager:220 - loadIPPluginJar : add ltdc
2024-04-15 17:45:20,598 [INFO] IPUIPlugin:80 - create IPUIPlugin
2024-04-15 17:45:20,598 [INFO] PluginManager:220 - loadIPPluginJar : add mdma
2024-04-15 17:45:20,603 [INFO] IPUIPlugin:80 - create IPUIPlugin
2024-04-15 17:45:20,604 [INFO] PluginManager:220 - loadIPPluginJar : add nvic
2024-04-15 17:45:20,609 [INFO] IPUIPlugin:80 - create IPUIPlugin
2024-04-15 17:45:20,609 [INFO] PluginManager:220 - loadIPPluginJar : add opamp
2024-04-15 17:45:20,614 [INFO] IPUIPlugin:80 - create IPUIPlugin
2024-04-15 17:45:20,614 [INFO] PluginManager:220 - loadIPPluginJar : add openamp
2024-04-15 17:45:20,620 [INFO] IPUIPlugin:80 - create IPUIPlugin
2024-04-15 17:45:20,620 [INFO] PluginManager:220 - loadIPPluginJar : add pdm2pcm
2024-04-15 17:45:20,630 [INFO] IPUIPlugin:80 - create IPUIPlugin
2024-04-15 17:45:20,634 [INFO] PluginManager:220 - loadIPPluginJar : add plateformsettings
2024-04-15 17:45:20,637 [INFO] IPUIPlugin:80 - create IPUIPlugin
2024-04-15 17:45:20,637 [INFO] PluginManager:220 - loadIPPluginJar : add quadspi
2024-04-15 17:45:20,642 [INFO] IPUIPlugin:80 - create IPUIPlugin
2024-04-15 17:45:20,642 [INFO] PluginManager:220 - loadIPPluginJar : add resmgrutility
2024-04-15 17:45:20,647 [INFO] IPUIPlugin:80 - create IPUIPlugin
2024-04-15 17:45:20,647 [INFO] PluginManager:220 - loadIPPluginJar : add sai
2024-04-15 17:45:20,651 [INFO] IPUIPlugin:80 - create IPUIPlugin
2024-04-15 17:45:20,651 [INFO] PluginManager:220 - loadIPPluginJar : add spi
2024-04-15 17:45:20,659 [INFO] IPUIPlugin:80 - create IPUIPlugin
2024-04-15 17:45:20,659 [INFO] PluginManager:220 - loadIPPluginJar : add stm32_wpan
2024-04-15 17:45:20,662 [INFO] IPUIPlugin:80 - create IPUIPlugin
2024-04-15 17:45:20,662 [INFO] PluginManager:220 - loadIPPluginJar : add tim
2024-04-15 17:45:20,667 [INFO] IPUIPlugin:80 - create IPUIPlugin
2024-04-15 17:45:20,667 [INFO] PluginManager:220 - loadIPPluginJar : add touchsensing
2024-04-15 17:45:20,670 [INFO] IPUIPlugin:80 - create IPUIPlugin
2024-04-15 17:45:20,670 [INFO] PluginManager:220 - loadIPPluginJar : add tracer_emb
2024-04-15 17:45:20,673 [INFO] IPUIPlugin:80 - create IPUIPlugin
2024-04-15 17:45:20,674 [INFO] PluginManager:220 - loadIPPluginJar : add ts
2024-04-15 17:45:20,675 [INFO] IPUIPlugin:80 - create IPUIPlugin
2024-04-15 17:45:20,676 [INFO] PluginManager:220 - loadIPPluginJar : add tsc
2024-04-15 17:45:20,679 [INFO] IPUIPlugin:80 - create IPUIPlugin
2024-04-15 17:45:20,679 [INFO] PluginManager:220 - loadIPPluginJar : add ucpd
2024-04-15 17:45:20,684 [INFO] IPUIPlugin:80 - create IPUIPlugin
2024-04-15 17:45:20,684 [INFO] PluginManager:220 - loadIPPluginJar : add usart
2024-04-15 17:45:20,689 [INFO] IPUIPlugin:80 - create IPUIPlugin
2024-04-15 17:45:20,690 [INFO] PluginManager:220 - loadIPPluginJar : add usbx
2024-04-15 17:45:20,863 [INFO] CADModel:165 - CPN selected for project level
2024-04-15 17:45:20,863 [INFO] CADModel:114 - Register for checkConnection events
2024-04-15 17:45:20,863 [FATAL] Updater:308 - Updater called before beeing initialized
2024-04-15 17:45:20,863 [ERROR] CADModel:125 - Updater not yet initialized, retry later 
2024-04-15 17:45:21,045 [INFO] CADModel:165 - CPN selected for project level
2024-04-15 17:45:21,045 [INFO] CADModel:114 - Register for checkConnection events
2024-04-15 17:45:21,045 [FATAL] Updater:308 - Updater called before beeing initialized
2024-04-15 17:45:21,045 [ERROR] CADModel:125 - Updater not yet initialized, retry later 
2024-04-15 17:45:21,050 [FATAL] Updater:308 - Updater called before beeing initialized
2024-04-15 17:45:21,220 [FATAL] Updater:308 - Updater called before beeing initialized
2024-04-15 17:45:21,225 [INFO] DbMcusAds:53 - JSON generation date=Wed Nov 29 11:52:27 CET 2023 (1701255147349)
2024-04-15 17:45:21,225 [FATAL] Updater:308 - Updater called before beeing initialized
2024-04-15 17:45:21,274 [WARN] DetailPanel:346 - Failed to get advertising image, set to default
2024-04-15 17:45:21,385 [FATAL] Updater:308 - Updater called before beeing initialized
2024-04-15 17:45:21,387 [FATAL] Updater:308 - Updater called before beeing initialized
2024-04-15 17:45:21,387 [FATAL] Updater:308 - Updater called before beeing initialized
2024-04-15 17:45:21,387 [WARN] DetailPanel:346 - Failed to get advertising image, set to default
2024-04-15 17:45:21,388 [FATAL] Updater:308 - Updater called before beeing initialized
2024-04-15 17:45:21,463 [ERROR] Updater:1120 - MainUpdater not yet initialized. External WinMGr cannot be set.
2024-04-15 17:45:21,466 [INFO] Updater:1056 - Updater Version found : 6.10.0
2024-04-15 17:45:21,491 [INFO] ApplicationProperties:184 - Using Application install path: C:\ST\STM32CubeIDE_1.14.1\STM32CubeIDE\plugins\com.st.stm32cube.common.mx_6.10.0.202311202037
2024-04-15 17:45:22,869 [INFO] ThirdPartyUpdaterWithRetryManager:70 - Updater plugin not ready yet. [2/15]
2024-04-15 17:45:23,071 [ERROR] LogOutputStream:75 - [STDERR_REDIRECT] Apr 15, 2024 5:45:23 PM java.util.prefs.WindowsPreferences <init>
2024-04-15 17:45:23,073 [ERROR] LogOutputStream:75 - [STDERR_REDIRECT] WARNING: Could not open/create prefs root node Software\JavaSoft\Prefs at root 0xffffffff80000002. Windows RegCreateKeyEx(...) returned error code 5.
2024-04-15 17:45:23,074 [ERROR] LogOutputStream:75 - [STDERR_REDIRECT] 
2024-04-15 17:45:23,609 [INFO] MainUpdater:2873 - connection check result : 10
2024-04-15 17:45:23,611 [INFO] MainUpdater:290 - Updater Check For Update Now.
2024-04-15 17:45:23,611 [INFO] MicroXplorer:498 - Change Database Version : DB.6.0.100
2024-04-15 17:45:23,621 [INFO] McuFinderGlobals:63 - Set McuFinder mode to 2 (CubeIDE integrated)
2024-04-15 17:45:23,874 [INFO] CheckServerUpdateThread:120 - End of CheckServer Thread
2024-04-15 17:45:24,481 [INFO] UserAuth:404 - Internet connection configuration mode: 1
2024-04-15 17:45:24,495 [INFO] JxBrowserEngine:152 - Initiate JxBrowser Engine with user profile folder
2024-04-15 17:45:25,167 [INFO] WebApp:161 - Instantiating new browser for Auth
2024-04-15 17:45:25,879 [INFO] WebApp:780 - Register for checkConnection events
2024-04-15 17:45:25,880 [INFO] WebApp:414 - Apply proxy settings
2024-04-15 17:45:25,880 [INFO] WebApp:499 - Chromium requires no authentication
2024-04-15 17:45:25,892 [INFO] WebApp:442 - Direct internet connection detected
2024-04-15 17:45:26,108 [WARN] PackLoader:240 - Cannot read IP mode file for STMicroelectronics.FP-SNS-MOTENVWB1.1.4.0
2024-04-15 17:45:26,126 [WARN] PackLoader:240 - Cannot read IP mode file for STMicroelectronics.X-CUBE-TOUCHGFX.4.23.2
2024-04-15 17:45:26,145 [WARN] PackLoader:240 - Cannot read IP mode file for STMicroelectronics.FP-SNS-MOTENV1.5.0.0
2024-04-15 17:45:26,171 [WARN] PackLoader:240 - Cannot read IP mode file for STMicroelectronics.X-CUBE-TCPP.4.1.0
2024-04-15 17:45:26,201 [WARN] PackLoader:240 - Cannot read IP mode file for STMicroelectronics.X-CUBE-SAFEA1.1.2.2
2024-04-15 17:45:26,225 [WARN] PackLoader:240 - Cannot read IP mode file for STMicroelectronics.X-CUBE-NFC6.3.1.0
2024-04-15 17:45:26,235 [INFO] ThirdParty:978 - Integrity check success = true
2024-04-15 17:45:26,235 [INFO] IntegrityCheckThread:100 - exiting critical section [integrity check]
2024-04-15 17:45:26,236 [INFO] IntegrityCheckThread:103 - End integrity checks thread
2024-04-15 17:45:26,257 [INFO] WebApp:192 - Starting web application
2024-04-15 17:45:26,257 [INFO] WebApp:544 - Web application path used C:\ST\STM32CubeIDE_1.14.1\STM32CubeIDE\plugins\com.st.stm32cube.common.mx_6.10.0.202311202037\db\plugins\mcufinder\reactClient1\index.html
2024-04-15 17:45:47,394 [ERROR] LogOutputStream:75 - [STDERR_REDIRECT] SLF4J: Failed to load class "org.slf4j.impl.StaticLoggerBinder".
2024-04-15 17:45:47,397 [ERROR] LogOutputStream:75 - [STDERR_REDIRECT] SLF4J: Defaulting to no-operation (NOP) logger implementation
2024-04-15 17:45:47,401 [ERROR] LogOutputStream:75 - [STDERR_REDIRECT] SLF4J: See http://www.slf4j.org/codes.html#StaticLoggerBinder for further details.
2024-04-15 17:55:47,207 [ERROR] LogOutputStream:75 - [STDERR_REDIRECT] 
2024-04-15 17:55:47,208 [ERROR] LogOutputStream:75 - [STDERR_REDIRECT] 
